# JRE version: OpenJDK Runtime Environment Temurin-21.0.1+12 (21.0.1+12) (build 21.0.1+12-LTS)
# Java VM: OpenJDK 64-Bit Server VM Temurin-21.0.1+12 (21.0.1+12-LTS, mixed mode, emulated-client, sharing, tiered, compressed oops, compressed class ptrs, g1 gc, windows-amd64)
GC Precious Log:
 CardTable entry size: 512
 Card Set container configuration: InlinePtr #cards 5 size 8 Array Of Cards #cards 12 size 40 Howl #buckets 4 coarsen threshold 1843 Howl Bitmap #cards 512 size 80 coarsen threshold 460 Card regions per heap region 1 cards per card region 2048
 CPUs: 8 total, 8 available
 Memory: 7914M
 Large Page Support: Disabled
 NUMA Support: Disabled
 Compressed Oops: Enabled (32-bit)
 Heap Region Size: 1M
 Heap Min Capacity: 8M
 Heap Initial Capacity: 124M
 Heap Max Capacity: 1980M
 Pre-touch: Disabled
 Parallel Workers: 8
 Concurrent Workers: 2
 Concurrent Refinement Workers: 8
 Periodic GC: Disabled
Heap:
 garbage-first heap   total 154624K, used 48517K [0x0000000084400000, 0x0000000100000000)
  region size 1024K, 3 young (3072K), 2 survivors (2048K)
 Metaspace       used 74668K, committed 76224K, reserved 1179648K
  class space    used 9773K, committed 10496K, reserved 1048576K
GC Heap History (20 events):
Event: 5165.592 GC heap before
{Heap before GC invocations=75 (full 7):
 garbage-first heap   total 119808K, used 100459K [0x0000000084400000, 0x0000000100000000)
  region size 1024K, 66 young (67584K), 6 survivors (6144K)
 Metaspace       used 73523K, committed 75392K, reserved 1114112K
  class space    used 9568K, committed 10368K, reserved 1048576K
}
Event: 5165.596 GC heap after
{Heap after GC invocations=76 (full 7):
 garbage-first heap   total 119808K, used 42636K [0x0000000084400000, 0x0000000100000000)
  region size 1024K, 4 young (4096K), 4 survivors (4096K)
 Metaspace       used 73523K, committed 75392K, reserved 1114112K
  class space    used 9568K, committed 10368K, reserved 1048576K
}
Event: 5176.867 GC heap before
{Heap before GC invocations=76 (full 7):
 garbage-first heap   total 119808K, used 101004K [0x0000000084400000, 0x0000000100000000)
  region size 1024K, 62 young (63488K), 4 survivors (4096K)
 Metaspace       used 73796K, committed 75392K, reserved 1114112K
  class space    used 9632K, committed 10368K, reserved 1048576K
}
Event: 5176.873 GC heap after
{Heap after GC invocations=77 (full 7):
 garbage-first heap   total 119808K, used 46881K [0x0000000084400000, 0x0000000100000000)
  region size 1024K, 7 young (7168K), 7 survivors (7168K)
 Metaspace       used 73796K, committed 75392K, reserved 1114112K
  class space    used 9632K, committed 10368K, reserved 1048576K
}
Event: 5257.890 GC heap before
{Heap before GC invocations=77 (full 7):
 garbage-first heap   total 119808K, used 78625K [0x0000000084400000, 0x0000000100000000)
  region size 1024K, 40 young (40960K), 7 survivors (7168K)
 Metaspace       used 74140K, committed 75648K, reserved 1114112K
  class space    used 9714K, committed 10432K, reserved 1048576K
}
Event: 5257.945 GC heap after
{Heap after GC invocations=78 (full 8):
 garbage-first heap   total 119808K, used 37829K [0x0000000084400000, 0x0000000100000000)
  region size 1024K, 0 young (0K), 0 survivors (0K)
 Metaspace       used 74053K, committed 75648K, reserved 1114112K
  class space    used 9695K, committed 10432K, reserved 1048576K
}
Event: 5258.267 GC heap before
{Heap before GC invocations=78 (full 8):
 garbage-first heap   total 119808K, used 100293K [0x0000000084400000, 0x0000000100000000)
  region size 1024K, 62 young (63488K), 0 survivors (0K)
 Metaspace       used 74554K, committed 76032K, reserved 1179648K
  class space    used 9752K, committed 10432K, reserved 1048576K
}
Event: 5258.273 GC heap after
{Heap after GC invocations=79 (full 8):
 garbage-first heap   total 119808K, used 42066K [0x0000000084400000, 0x0000000100000000)
  region size 1024K, 5 young (5120K), 5 survivors (5120K)
 Metaspace       used 74554K, committed 76032K, reserved 1179648K
  class space    used 9752K, committed 10432K, reserved 1048576K
}
Event: 5258.409 GC heap before
{Heap before GC invocations=80 (full 8):
 garbage-first heap   total 119808K, used 101458K [0x0000000084400000, 0x0000000100000000)
  region size 1024K, 64 young (65536K), 5 survivors (5120K)
 Metaspace       used 73911K, committed 75904K, reserved 1179648K
  class space    used 9594K, committed 10432K, reserved 1048576K
}
Event: 5258.413 GC heap after
{Heap after GC invocations=81 (full 8):
 garbage-first heap   total 154624K, used 44997K [0x0000000084400000, 0x0000000100000000)
  region size 1024K, 7 young (7168K), 7 survivors (7168K)
 Metaspace       used 73911K, committed 75904K, reserved 1179648K
  class space    used 9594K, committed 10432K, reserved 1048576K
}
Event: 5323.996 GC heap before
{Heap before GC invocations=81 (full 8):
 garbage-first heap   total 154624K, used 128965K [0x0000000084400000, 0x0000000100000000)
  region size 1024K, 90 young (92160K), 7 survivors (7168K)
 Metaspace       used 74544K, committed 76032K, reserved 1179648K
  class space    used 9745K, committed 10432K, reserved 1048576K
}
Event: 5324.004 GC heap after
{Heap after GC invocations=82 (full 8):
 garbage-first heap   total 154624K, used 48685K [0x0000000084400000, 0x0000000100000000)
  region size 1024K, 9 young (9216K), 9 survivors (9216K)
 Metaspace       used 74544K, committed 76032K, reserved 1179648K
  class space    used 9745K, committed 10432K, reserved 1048576K
}
Event: 5868.386 GC heap before
{Heap before GC invocations=82 (full 8):
 garbage-first heap   total 154624K, used 130605K [0x0000000084400000, 0x0000000100000000)
  region size 1024K, 89 young (91136K), 9 survivors (9216K)
 Metaspace       used 74691K, committed 76224K, reserved 1179648K
  class space    used 9776K, committed 10496K, reserved 1048576K
}
Event: 5868.397 GC heap after
{Heap after GC invocations=83 (full 8):
 garbage-first heap   total 154624K, used 49887K [0x0000000084400000, 0x0000000100000000)
  region size 1024K, 2 young (2048K), 2 survivors (2048K)
 Metaspace       used 74691K, committed 76224K, reserved 1179648K
  class space    used 9776K, committed 10496K, reserved 1048576K
}
Event: 10174.801 GC heap before
{Heap before GC invocations=84 (full 8):
 garbage-first heap   total 154624K, used 133855K [0x0000000084400000, 0x0000000100000000)
  region size 1024K, 84 young (86016K), 2 survivors (2048K)
 Metaspace       used 74661K, committed 76224K, reserved 1179648K
  class space    used 9771K, committed 10496K, reserved 1048576K
}
Event: 10174.808 GC heap after
{Heap after GC invocations=85 (full 8):
 garbage-first heap   total 154624K, used 49520K [0x0000000084400000, 0x0000000100000000)
  region size 1024K, 1 young (1024K), 1 survivors (1024K)
 Metaspace       used 74661K, committed 76224K, reserved 1179648K
  class space    used 9771K, committed 10496K, reserved 1048576K
}
Event: 10933.931 GC heap before
{Heap before GC invocations=85 (full 8):
 garbage-first heap   total 154624K, used 136560K [0x0000000084400000, 0x0000000100000000)
  region size 1024K, 86 young (88064K), 1 survivors (1024K)
 Metaspace       used 74661K, committed 76224K, reserved 1179648K
  class space    used 9771K, committed 10496K, reserved 1048576K
}
Event: 10933.939 GC heap after
{Heap after GC invocations=86 (full 8):
 garbage-first heap   total 154624K, used 48190K [0x0000000084400000, 0x0000000100000000)
  region size 1024K, 1 young (1024K), 1 survivors (1024K)
 Metaspace       used 74661K, committed 76224K, reserved 1179648K
  class space    used 9771K, committed 10496K, reserved 1048576K
}
Event: 11687.899 GC heap before
{Heap before GC invocations=86 (full 8):
 garbage-first heap   total 154624K, used 139326K [0x0000000084400000, 0x0000000100000000)
  region size 1024K, 90 young (92160K), 1 survivors (1024K)
 Metaspace       used 74668K, committed 76224K, reserved 1179648K
  class space    used 9773K, committed 10496K, reserved 1048576K
}
Event: 11687.932 GC heap after
{Heap after GC invocations=87 (full 8):
 garbage-first heap   total 154624K, used 48517K [0x0000000084400000, 0x0000000100000000)
  region size 1024K, 2 young (2048K), 2 survivors (2048K)
 Metaspace       used 74668K, committed 76224K, reserved 1179648K
  class space    used 9773K, committed 10496K, reserved 1048576K
}

